<?xml version="1.0" encoding="UTF-8"?>
<!-- Generated by org.testng.reporters.JUnitReportReporter -->
<testsuite skipped="0" hostname="renxings-MacBook-Pro.local" name="calculatortest.CalTest" tests="2" failures="0" timestamp="18 Aug 2020 20:55:27 GMT" time="0.017" errors="0">
  <testcase name="addDeduct" time="0.016" classname="calculatortest.CalTest"/>
  <testcase name="addTest" time="0.001" classname="calculatortest.CalTest"/>
</testsuite> <!-- calculatortest.CalTest -->
